<?xml version="1.0" encoding="UTF-8"?>
<robot generator="Robot 6.0.2 (Python 3.11.0 on win32)" generated="20230129 10:04:45.802" rpa="false" schemaversion="3">
<suite id="s1" name="Seleniumrob" source="C:\Users\vdi-student\PycharmProjects\Nauka-git\robot\seleniumrob.robot">
<test id="s1-t1" name="Registration of Multiple User" line="41">
<kw name="OP BRO" type="SETUP">
<kw name="Open Browser" library="SeleniumLibrary">
<arg>https://gotujmy.pl/forum/</arg>
<arg>Edge</arg>
<doc>Opens a new browser instance to the optional ``url``.</doc>
<msg timestamp="20230129 10:04:46.254" level="INFO">Opening browser 'Edge' to base url 'https://gotujmy.pl/forum/'.</msg>
<status status="PASS" starttime="20230129 10:04:46.254" endtime="20230129 10:04:50.472"/>
</kw>
<kw name="Maximize Browser Window" library="SeleniumLibrary">
<doc>Maximizes current browser window.</doc>
<status status="PASS" starttime="20230129 10:04:50.472" endtime="20230129 10:04:50.683"/>
</kw>
<kw name="Execute Javascript" library="SeleniumLibrary">
<arg>document.body.style.zoom='50%'</arg>
<doc>Executes the given JavaScript code with possible arguments.</doc>
<msg timestamp="20230129 10:04:50.687" level="INFO">Executing JavaScript:
document.body.style.zoom='50%'
Without any arguments.</msg>
<status status="PASS" starttime="20230129 10:04:50.684" endtime="20230129 10:04:50.701"/>
</kw>
<kw name="Sleep" library="BuiltIn">
<arg>6</arg>
<doc>Pauses the test executed for the given time.</doc>
<msg timestamp="20230129 10:04:56.702" level="INFO">Slept 6 seconds</msg>
<status status="PASS" starttime="20230129 10:04:50.702" endtime="20230129 10:04:56.702"/>
</kw>
<kw name="Scroll Element Into View" library="SeleniumLibrary">
<arg>//*[@id="tcf277-permissions-modal"]/div[3]/div/button[2]</arg>
<doc>Scrolls the element identified by ``locator`` into view.</doc>
<status status="PASS" starttime="20230129 10:04:56.702" endtime="20230129 10:04:57.015"/>
</kw>
<kw name="Run Keyword And Ignore Error" library="BuiltIn">
<arg>click button</arg>
<arg>//*[@id="tcf277-permissions-modal"]/div[3]/div/button[2]</arg>
<doc>Runs the given keyword with the given arguments and ignores possible error.</doc>
<kw name="Click Button" library="SeleniumLibrary">
<arg>//*[@id="tcf277-permissions-modal"]/div[3]/div/button[2]</arg>
<doc>Clicks the button identified by ``locator``.</doc>
<msg timestamp="20230129 10:04:57.017" level="INFO">Clicking button '//*[@id="tcf277-permissions-modal"]/div[3]/div/button[2]'.</msg>
<msg timestamp="20230129 10:04:57.350" level="INFO" html="true">&lt;/td&gt;&lt;/tr&gt;&lt;tr&gt;&lt;td colspan="3"&gt;&lt;a href="selenium-screenshot-9.png"&gt;&lt;img src="selenium-screenshot-9.png" width="800px"&gt;&lt;/a&gt;</msg>
<msg timestamp="20230129 10:04:57.350" level="FAIL">ElementNotInteractableException: Message: element not interactable
  (Session info: MicrosoftEdge=109.0.1518.61)
Stacktrace:
Backtrace:
	Microsoft::Applications::Events::EventProperties::SetProperty [0x00007FF62A3B1672+15186]
	Microsoft::Applications::Events::EventProperty::EventProperty [0x00007FF62A34A1C2+827458]
	(No symbol) [0x00007FF62A00EBF3]
	(No symbol) [0x00007FF62A053760]
	(No symbol) [0x00007FF62A04547A]
	(No symbol) [0x00007FF62A071F4A]
	(No symbol) [0x00007FF62A044C3E]
	(No symbol) [0x00007FF62A044B11]
	(No symbol) [0x00007FF62A072280]
	(No symbol) [0x00007FF62A044C3E]
	(No symbol) [0x00007FF62A08B513]
	(No symbol) [0x00007FF62A071D23]
	(No symbol) [0x00007FF62A043B80]
	(No symbol) [0x00007FF62A042B0E]
	(No symbol) [0x00007FF62A044344]
	Microsoft::Applications::Events::EventProperties::SetProperty [0x00007FF62A22C3C0+182768]
	(No symbol) [0x00007FF62A100095]
	Microsoft::Applications::Events::EventProperty::EventProperty [0x00007FF62A28A6FA+42362]
	Microsoft::Applications::Events::EventProperty::EventProperty [0x00007FF62A28D435+53941]
	Microsoft::Applications::Events::ILogManager::DispatchEventBroadcast [0x00007FF62A5A8A63+1456595]
	Microsoft::Applications::Events::EventProperty::EventProperty [0x00007FF62A35271A+861594]
	Microsoft::Applications::Events::EventProperty::EventProperty [0x00007FF62A357804+882308]
	Microsoft::Applications::Events::EventProperty::EventProperty [0x00007FF62A35795C+882652]
	Microsoft::Applications::Events::EventProperty::EventProperty [0x00007FF62A36092E+919470]
	BaseThreadInitThunk [0x00007FFDFC9674B4+20]
	RtlUserThreadStart [0x00007FFDFCAA26A1+33]
</msg>
<status status="FAIL" starttime="20230129 10:04:57.016" endtime="20230129 10:04:57.360"/>
</kw>
<status status="PASS" starttime="20230129 10:04:57.015" endtime="20230129 10:04:57.360"/>
</kw>
<status status="PASS" starttime="20230129 10:04:46.254" endtime="20230129 10:04:57.360"/>
</kw>
<for flavor="IN RANGE">
<var>${i}</var>
<value>2</value>
<iter>
<var name="${i}">0</var>
<kw name="Registration In Forum">
<arg>${emails}[${i}]</arg>
<arg>${passwords}[${i}]</arg>
<kw name="Click Element" library="SeleniumLibrary">
<arg>//*[@id="navTop"]/nav/ul[1]/li[2]/a</arg>
<doc>Click the element identified by ``locator``.</doc>
<msg timestamp="20230129 10:04:57.365" level="INFO">Clicking element '//*[@id="navTop"]/nav/ul[1]/li[2]/a'.</msg>
<msg timestamp="20230129 10:04:57.641" level="INFO" html="true">&lt;/td&gt;&lt;/tr&gt;&lt;tr&gt;&lt;td colspan="3"&gt;&lt;a href="selenium-screenshot-10.png"&gt;&lt;img src="selenium-screenshot-10.png" width="800px"&gt;&lt;/a&gt;</msg>
<msg timestamp="20230129 10:04:57.641" level="FAIL">ElementNotInteractableException: Message: element not interactable
  (Session info: MicrosoftEdge=109.0.1518.61)
Stacktrace:
Backtrace:
	Microsoft::Applications::Events::EventProperties::SetProperty [0x00007FF62A3B1672+15186]
	Microsoft::Applications::Events::EventProperty::EventProperty [0x00007FF62A34A1C2+827458]
	(No symbol) [0x00007FF62A00EBF3]
	(No symbol) [0x00007FF62A053760]
	(No symbol) [0x00007FF62A04547A]
	(No symbol) [0x00007FF62A071F4A]
	(No symbol) [0x00007FF62A044C3E]
	(No symbol) [0x00007FF62A044B11]
	(No symbol) [0x00007FF62A072280]
	(No symbol) [0x00007FF62A044C3E]
	(No symbol) [0x00007FF62A08B513]
	(No symbol) [0x00007FF62A071D23]
	(No symbol) [0x00007FF62A043B80]
	(No symbol) [0x00007FF62A042B0E]
	(No symbol) [0x00007FF62A044344]
	Microsoft::Applications::Events::EventProperties::SetProperty [0x00007FF62A22C3C0+182768]
	(No symbol) [0x00007FF62A100095]
	Microsoft::Applications::Events::EventProperty::EventProperty [0x00007FF62A28A6FA+42362]
	Microsoft::Applications::Events::EventProperty::EventProperty [0x00007FF62A28D435+53941]
	Microsoft::Applications::Events::ILogManager::DispatchEventBroadcast [0x00007FF62A5A8A63+1456595]
	Microsoft::Applications::Events::EventProperty::EventProperty [0x00007FF62A35271A+861594]
	Microsoft::Applications::Events::EventProperty::EventProperty [0x00007FF62A357804+882308]
	Microsoft::Applications::Events::EventProperty::EventProperty [0x00007FF62A35795C+882652]
	Microsoft::Applications::Events::EventProperty::EventProperty [0x00007FF62A36092E+919470]
	BaseThreadInitThunk [0x00007FFDFC9674B4+20]
	RtlUserThreadStart [0x00007FFDFCAA26A1+33]
</msg>
<status status="FAIL" starttime="20230129 10:04:57.365" endtime="20230129 10:04:57.646"/>
</kw>
<kw name="Run Keyword And Ignore Error" library="BuiltIn">
<arg>click button</arg>
<arg>//*[@id="tcf277-permissions-modal"]/div[3]/div/button[2]</arg>
<doc>Runs the given keyword with the given arguments and ignores possible error.</doc>
<status status="NOT RUN" starttime="20230129 10:04:57.646" endtime="20230129 10:04:57.646"/>
</kw>
<kw name="Input Text" library="SeleniumLibrary">
<arg>//*[@id="f_cmu_email"]</arg>
<arg>${email}</arg>
<doc>Types the given ``text`` into the text field identified by ``locator``.</doc>
<status status="NOT RUN" starttime="20230129 10:04:57.646" endtime="20230129 10:04:57.646"/>
</kw>
<kw name="Input Text" library="SeleniumLibrary">
<arg>//*[@id="f_cmu_email2"]</arg>
<arg>${email}</arg>
<doc>Types the given ``text`` into the text field identified by ``locator``.</doc>
<status status="NOT RUN" starttime="20230129 10:04:57.646" endtime="20230129 10:04:57.646"/>
</kw>
<kw name="Input Text" library="SeleniumLibrary">
<arg>//*[@id="f_cmu_password"]</arg>
<arg>${password}</arg>
<doc>Types the given ``text`` into the text field identified by ``locator``.</doc>
<status status="NOT RUN" starttime="20230129 10:04:57.646" endtime="20230129 10:04:57.646"/>
</kw>
<kw name="Input Text" library="SeleniumLibrary">
<arg>//*[@id="f_cmu_password2"]</arg>
<arg>${password}</arg>
<doc>Types the given ``text`` into the text field identified by ``locator``.</doc>
<status status="NOT RUN" starttime="20230129 10:04:57.646" endtime="20230129 10:04:57.646"/>
</kw>
<kw name="Checkbox Should Not Be Selected" library="SeleniumLibrary">
<arg>//*[@id="newsletter_agree"]</arg>
<doc>Verifies checkbox ``locator`` is not selected/checked.</doc>
<status status="NOT RUN" starttime="20230129 10:04:57.646" endtime="20230129 10:04:57.646"/>
</kw>
<kw name="Select Checkbox" library="SeleniumLibrary">
<arg>//*[@id="newsletter_agree"]</arg>
<doc>Selects the checkbox identified by ``locator``.</doc>
<status status="NOT RUN" starttime="20230129 10:04:57.646" endtime="20230129 10:04:57.646"/>
</kw>
<kw name="Checkbox Should Not Be Selected" library="SeleniumLibrary">
<arg>//*[@id="user_register_form"]/fieldset/label[2]/input</arg>
<doc>Verifies checkbox ``locator`` is not selected/checked.</doc>
<status status="NOT RUN" starttime="20230129 10:04:57.651" endtime="20230129 10:04:57.651"/>
</kw>
<kw name="Select Checkbox" library="SeleniumLibrary">
<arg>//*[@id="user_register_form"]/fieldset/label[2]/input</arg>
<doc>Selects the checkbox identified by ``locator``.</doc>
<status status="NOT RUN" starttime="20230129 10:04:57.651" endtime="20230129 10:04:57.651"/>
</kw>
<kw name="Checkbox Should Not Be Selected" library="SeleniumLibrary">
<arg>//*[@id="user_register_form"]/fieldset/label[3]/input</arg>
<doc>Verifies checkbox ``locator`` is not selected/checked.</doc>
<status status="NOT RUN" starttime="20230129 10:04:57.651" endtime="20230129 10:04:57.651"/>
</kw>
<kw name="Select Checkbox" library="SeleniumLibrary">
<arg>//*[@id="user_register_form"]/fieldset/label[3]/input</arg>
<doc>Selects the checkbox identified by ``locator``.</doc>
<status status="NOT RUN" starttime="20230129 10:04:57.651" endtime="20230129 10:04:57.651"/>
</kw>
<kw name="Run Keyword And Ignore Error" library="BuiltIn">
<arg>click button</arg>
<arg>//*[@id="user_register_form"]/fieldset/footer/button</arg>
<doc>Runs the given keyword with the given arguments and ignores possible error.</doc>
<status status="NOT RUN" starttime="20230129 10:04:57.651" endtime="20230129 10:04:57.651"/>
</kw>
<kw name="Wait Until Element Is Visible" library="SeleniumLibrary">
<arg>//*[id="main_content"]/div/div/h1</arg>
<arg>timeout=7</arg>
<doc>Waits until the element ``locator`` is visible.</doc>
<status status="NOT RUN" starttime="20230129 10:04:57.651" endtime="20230129 10:04:57.651"/>
</kw>
<kw name="Get Text" library="SeleniumLibrary">
<var>${my_message}</var>
<arg>//*[id="main_content"]/div/div/h1</arg>
<doc>Returns the text value of the element identified by ``locator``.</doc>
<status status="NOT RUN" starttime="20230129 10:04:57.651" endtime="20230129 10:04:57.651"/>
</kw>
<kw name="Log To Console" library="BuiltIn">
<arg>${my_message}</arg>
<doc>Logs the given message to the console.</doc>
<status status="NOT RUN" starttime="20230129 10:04:57.651" endtime="20230129 10:04:57.651"/>
</kw>
<kw name="Should Be Equal As Strings" library="BuiltIn">
<arg>${my_message}</arg>
<arg>${message}</arg>
<doc>Fails if objects are unequal after converting them to strings.</doc>
<status status="NOT RUN" starttime="20230129 10:04:57.651" endtime="20230129 10:04:57.651"/>
</kw>
<kw name="Capture Page Screenshot" library="SeleniumLibrary">
<doc>Takes a screenshot of the current page and embeds it into a log file.</doc>
<status status="NOT RUN" starttime="20230129 10:04:57.651" endtime="20230129 10:04:57.651"/>
</kw>
<status status="FAIL" starttime="20230129 10:04:57.365" endtime="20230129 10:04:57.656"/>
</kw>
<kw name="Log" library="BuiltIn">
<arg>User ${emails}[${i}]</arg>
<doc>Logs the given message with the given level.</doc>
<status status="NOT RUN" starttime="20230129 10:04:57.656" endtime="20230129 10:04:57.656"/>
</kw>
<status status="FAIL" starttime="20230129 10:04:57.365" endtime="20230129 10:04:57.656"/>
</iter>
<status status="FAIL" starttime="20230129 10:04:57.360" endtime="20230129 10:04:57.656"/>
</for>
<status status="FAIL" starttime="20230129 10:04:46.249" endtime="20230129 10:04:57.656">ElementNotInteractableException: Message: element not interactable
  (Session info: MicrosoftEdge=109.0.1518.61)
Stacktrace:
Backtrace:
	Microsoft::Applications::Events::EventProperties::SetProperty [0x00007FF62A3B1672+15186]
	Microsoft::Applications::Events::EventProperty::EventProperty [0x00007FF62A34A1C2+827458]
	(No symbol) [0x00007FF62A00EBF3]
	(No symbol) [0x00007FF62A053760]
	(No symbol) [0x00007FF62A04547A]
	(No symbol) [0x00007FF62A071F4A]
	(No symbol) [0x00007FF62A044C3E]
	(No symbol) [0x00007FF62A044B11]
	(No symbol) [0x00007FF62A072280]
	(No symbol) [0x00007FF62A044C3E]
	(No symbol) [0x00007FF62A08B513]
	(No symbol) [0x00007FF62A071D23]
	(No symbol) [0x00007FF62A043B80]
	(No symbol) [0x00007FF62A042B0E]
	(No symbol) [0x00007FF62A044344]
	Microsoft::Applications::Events::EventProperties::SetProperty [0x00007FF62A22C3C0+182768]
	(No symbol) [0x00007FF62A100095]
	Microsoft::Applications::Events::EventProperty::EventProperty [0x00007FF62A28A6FA+42362]
	Microsoft::Applications::Events::EventProperty::EventProperty [0x00007FF62A28D435+53941]
	Microsoft::Applications::Events::ILogManager::DispatchEventBroadcast [0x00007FF62A5A8A63+1456595]
	Microsoft::Applications::Events::EventProperty::EventProperty [0x00007FF62A35271A+861594]
	Microsoft::Applications::Events::EventProperty::EventProperty [0x00007FF62A357804+882308]
	Microsoft::Applications::Events::EventProperty::EventProperty [0x00007FF62A35795C+882652]
	Microsoft::Applications::Events::EventProperty::EventProperty [0x00007FF62A36092E+919470]
	BaseThreadInitThunk [0x00007FFDFC9674B4+20]
	RtlUserThreadStart [0x00007FFDFCAA26A1+33]
</status>
</test>
<status status="FAIL" starttime="20230129 10:04:45.802" endtime="20230129 10:04:57.666"/>
</suite>
<statistics>
<total>
<stat pass="0" fail="1" skip="0">All Tests</stat>
</total>
<tag>
</tag>
<suite>
<stat pass="0" fail="1" skip="0" id="s1" name="Seleniumrob">Seleniumrob</stat>
</suite>
</statistics>
<errors>
</errors>
</robot>
