<?xml version="1.0" encoding="UTF-8"?>
<robot generator="Robot 6.0.2 (Python 3.11.1 on win32)" generated="20230129 13:17:31.084" rpa="false" schemaversion="3">
<suite id="s1" name="Apitest" source="C:\Users\piimb\PycharmProjects\Nauka-git\robot\apitest.robot">
<test id="s1-t1" name="API_GET_TEST 1" line="10">
<kw name="GET" library="RequestsLibrary">
<var>${get_response}</var>
<arg>https://simple-books-api.glitch.me/status</arg>
<doc>Sends a GET request.</doc>
<msg timestamp="20230129 13:17:32.146" level="INFO">GET Request : url=https://simple-books-api.glitch.me/status 
 path_url=/status 
 headers={'User-Agent': 'python-requests/2.28.2', 'Accept-Encoding': 'gzip, deflate', 'Accept': '*/*', 'Connection': 'keep-alive'} 
 body=None 
 </msg>
<msg timestamp="20230129 13:17:32.146" level="INFO">GET Response : url=https://simple-books-api.glitch.me/status 
 status=200, reason=OK 
 headers={'Date': 'Sun, 29 Jan 2023 12:17:31 GMT', 'Content-Type': 'application/json; charset=utf-8', 'Content-Length': '15', 'Connection': 'keep-alive', 'x-powered-by': 'Express', 'etag': 'W/"f-v/Y1JusChTxrQUzPtNAKycooOTA"'} 
 body={"status":"OK"} 
 </msg>
<msg timestamp="20230129 13:17:32.147" level="INFO">${get_response} = &lt;Response [200]&gt;</msg>
<status status="PASS" starttime="20230129 13:17:31.427" endtime="20230129 13:17:32.147"/>
</kw>
<kw name="Log To Console" library="BuiltIn">
<arg>status ${get_response}</arg>
<doc>Logs the given message to the console.</doc>
<status status="PASS" starttime="20230129 13:17:32.148" endtime="20230129 13:17:32.149"/>
</kw>
<status status="PASS" starttime="20230129 13:17:31.426" endtime="20230129 13:17:32.150"/>
</test>
<test id="s1-t2" name="POST_REGISTRATION" line="14">
<kw name="Create Dictionary" library="BuiltIn">
<var>${register_json}</var>
<arg>clientname=kamil33</arg>
<arg>clientEmail=kammil33@example.com</arg>
<doc>Creates and returns a dictionary based on the given ``items``.</doc>
<msg timestamp="20230129 13:17:32.154" level="INFO">${register_json} = {'clientname': 'kamil33', 'clientEmail': 'kammil33@example.com'}</msg>
<status status="PASS" starttime="20230129 13:17:32.153" endtime="20230129 13:17:32.154"/>
</kw>
<kw name="POST" library="RequestsLibrary">
<var>${post_register_response}</var>
<arg>https://simple-books-api.glitch.me/api-clients/</arg>
<arg>json=${register_json}</arg>
<doc>Sends a POST request.</doc>
<msg timestamp="20230129 13:17:32.840" level="INFO">POST Request : url=https://simple-books-api.glitch.me/api-clients/ 
 path_url=/api-clients/ 
 headers={'User-Agent': 'python-requests/2.28.2', 'Accept-Encoding': 'gzip, deflate', 'Accept': '*/*', 'Connection': 'keep-alive', 'Content-Length': '64', 'Content-Type': 'application/json'} 
 body=b'{"clientname": "kamil33", "clientEmail": "kammil33@example.com"}' 
 </msg>
<msg timestamp="20230129 13:17:32.840" level="INFO">POST Response : url=https://simple-books-api.glitch.me/api-clients/ 
 status=400, reason=Bad Request 
 headers={'Date': 'Sun, 29 Jan 2023 12:17:32 GMT', 'Content-Type': 'application/json; charset=utf-8', 'Content-Length': '43', 'Connection': 'keep-alive', 'x-powered-by': 'Express', 'etag': 'W/"2b-l89yYcoVfVJGBAfpD4IpCK5y/wA"'} 
 body={"error":"Invalid or missing client name."} 
 </msg>
<msg timestamp="20230129 13:17:32.841" level="FAIL">HTTPError: 400 Client Error: Bad Request for url: https://simple-books-api.glitch.me/api-clients/</msg>
<status status="FAIL" starttime="20230129 13:17:32.155" endtime="20230129 13:17:32.845"/>
</kw>
<status status="FAIL" starttime="20230129 13:17:32.152" endtime="20230129 13:17:32.846">HTTPError: 400 Client Error: Bad Request for url: https://simple-books-api.glitch.me/api-clients/</status>
</test>
<status status="FAIL" starttime="20230129 13:17:31.088" endtime="20230129 13:17:32.849"/>
</suite>
<statistics>
<total>
<stat pass="1" fail="1" skip="0">All Tests</stat>
</total>
<tag>
</tag>
<suite>
<stat pass="1" fail="1" skip="0" id="s1" name="Apitest">Apitest</stat>
</suite>
</statistics>
<errors>
</errors>
</robot>
